running build
running build_py
running egg_info
writing falass.egg-info/PKG-INFO
writing dependency_links to falass.egg-info/dependency_links.txt
writing requirements to falass.egg-info/requires.txt
writing top-level names to falass.egg-info/top_level.txt
reading manifest file 'falass.egg-info/SOURCES.txt'
reading manifest template 'MANIFEST.in'
writing manifest file 'falass.egg-info/SOURCES.txt'
running install
running install_lib
copying build/lib/falass/__pycache__/readwrite.cpython-36.pyc -> /home/arm61/Dropbox/work/falass/build/testenv/lib/python3.6/site-packages/falass/__pycache__
copying build/lib/falass/__pycache__/compare.cpython-36.pyc -> /home/arm61/Dropbox/work/falass/build/testenv/lib/python3.6/site-packages/falass/__pycache__
copying build/lib/falass/__pycache__/reflect.cpython-36.pyc -> /home/arm61/Dropbox/work/falass/build/testenv/lib/python3.6/site-packages/falass/__pycache__
copying build/lib/falass/__pycache__/sld.cpython-36.pyc -> /home/arm61/Dropbox/work/falass/build/testenv/lib/python3.6/site-packages/falass/__pycache__
copying build/lib/falass/__pycache__/dataformat.cpython-36.pyc -> /home/arm61/Dropbox/work/falass/build/testenv/lib/python3.6/site-packages/falass/__pycache__
running install_egg_info
removing '/home/arm61/Dropbox/work/falass/build/testenv/lib/python3.6/site-packages/falass-0.0.2-py3.6.egg-info' (and everything under it)
Copying falass.egg-info to /home/arm61/Dropbox/work/falass/build/testenv/lib/python3.6/site-packages/falass-0.0.2-py3.6.egg-info
running install_scripts
writing list of installed files to '/home/arm61/Dropbox/work/falass/build/testenvtmp_install_log.txt'
